ERROR with artifact, module 'urllib' has no attribute 'urlretrieve'. groupID: commons-io, artifact: commons-io, version: 2.4
ERROR with artifact, module 'urllib' has no attribute 'urlretrieve'. groupID: commons-io, artifact: commons-io, version: 2.2
ERROR with artifact, module 'urllib' has no attribute 'urlretrieve'. groupID: commons-io, artifact: commons-io, version: 2.3
ERROR with artifact, module 'urllib' has no attribute 'urlretrieve'. groupID: commons-io, artifact: commons-io, version: 2.5
ERROR with artifact, module 'urllib' has no attribute 'urlretrieve'. groupID: commons-collections, artifact: commons-collections, version: 3.2.2
ERROR with artifact, module 'urllib' has no attribute 'urlretrieve'. groupID: commons-configuration, artifact: commons-configuration, version: 1.9
ERROR with artifact, module 'urllib' has no attribute 'urlretrieve'. groupID: commons-cli, artifact: commons-cli, version: 1.3
ERROR with artifact, module 'urllib' has no attribute 'urlretrieve'. groupID: commons-cli, artifact: commons-cli, version: 1.3.1
ERROR with artifact, module 'urllib' has no attribute 'urlretrieve'. groupID: org/apache/commons, artifact: commons-compress, version: 1.7
ERROR with artifact, module 'urllib' has no attribute 'urlretrieve'. groupID: org/apache/commons, artifact: commons-compress, version: 1.8.1
ERROR with artifact, module 'urllib' has no attribute 'urlretrieve'. groupID: org/apache/commons, artifact: commons-compress, version: 1.5
ERROR with artifact, module 'urllib' has no attribute 'urlretrieve'. groupID: org/apache/commons, artifact: commons-compress, version: 1.8
ERROR with artifact, module 'urllib' has no attribute 'urlretrieve'. groupID: org/apache/commons, artifact: commons-compress, version: 1.6
ERROR with artifact, module 'urllib' has no attribute 'urlretrieve'. groupID: org/apache/commons, artifact: commons-compress, version: 1.9
ERROR with artifact, module 'urllib' has no attribute 'urlretrieve'. groupID: org/apache/commons, artifact: commons-compress, version: 1.12
ERROR with artifact, module 'urllib' has no attribute 'urlretrieve'. groupID: org/apache/commons, artifact: commons-compress, version: 1.11
ERROR with artifact, module 'urllib' has no attribute 'urlretrieve'. groupID: org/apache/commons, artifact: commons-compress, version: 1.4
ERROR with artifact, module 'urllib' has no attribute 'urlretrieve'. groupID: org/apache/commons, artifact: commons-compress, version: 1.10
ERROR with artifact, module 'urllib' has no attribute 'urlretrieve'. groupID: org/apache/commons, artifact: commons-compress, version: 1.4.1
ERROR with artifact, module 'urllib' has no attribute 'urlretrieve'. groupID: commons-logging, artifact: commons-logging, version: 1.2
ERROR with artifact, module 'urllib' has no attribute 'urlretrieve'. groupID: commons-logging, artifact: commons-logging, version: 1.1.3
ERROR with artifact, module 'urllib' has no attribute 'urlretrieve'. groupID: commons-logging, artifact: commons-logging, version: 1.1.2
ERROR with artifact, module 'urllib' has no attribute 'urlretrieve'. groupID: org/apache/commons, artifact: commons-math3, version: 3.6
ERROR with artifact, module 'urllib' has no attribute 'urlretrieve'. groupID: org/apache/commons, artifact: commons-math3, version: 3.2
ERROR with artifact, module 'urllib' has no attribute 'urlretrieve'. groupID: org/apache/commons, artifact: commons-math3, version: 3.4.1
ERROR with artifact, module 'urllib' has no attribute 'urlretrieve'. groupID: org/apache/commons, artifact: commons-math3, version: 3.4
ERROR with artifact, module 'urllib' has no attribute 'urlretrieve'. groupID: org/apache/commons, artifact: commons-math3, version: 3.3
ERROR with artifact, module 'urllib' has no attribute 'urlretrieve'. groupID: org/apache/commons, artifact: commons-math3, version: 3.1
ERROR with artifact, module 'urllib' has no attribute 'urlretrieve'. groupID: org/apache/commons, artifact: commons-math3, version: 3.6.1
ERROR with artifact, module 'urllib' has no attribute 'urlretrieve'. groupID: org/apache/commons, artifact: commons-math3, version: 3.5
ERROR with artifact, module 'urllib' has no attribute 'urlretrieve'. groupID: org/apache/commons, artifact: commons-math3, version: 3.1.1
ERROR with artifact, module 'urllib' has no attribute 'urlretrieve'. groupID: org/apache/commons, artifact: commons-lang3, version: 3.3.2
ERROR with artifact, module 'urllib' has no attribute 'urlretrieve'. groupID: org/apache/commons, artifact: commons-lang3, version: 3.3
ERROR with artifact, module 'urllib' has no attribute 'urlretrieve'. groupID: org/apache/commons, artifact: commons-lang3, version: 3.2
ERROR with artifact, module 'urllib' has no attribute 'urlretrieve'. groupID: org/apache/commons, artifact: commons-lang3, version: 3.4
ERROR with artifact, module 'urllib' has no attribute 'urlretrieve'. groupID: org/apache/commons, artifact: commons-lang3, version: 3.2.1
ERROR with artifact, module 'urllib' has no attribute 'urlretrieve'. groupID: org/apache/commons, artifact: commons-lang3, version: 3.3.1
ERROR with artifact, module 'urllib' has no attribute 'urlretrieve'. groupID: org/apache/hadoop, artifact: hadoop-common, version: 2.7.0
ERROR with artifact, module 'urllib' has no attribute 'urlretrieve'. groupID: org/apache/hadoop, artifact: hadoop-common, version: 0.23.5
ERROR with artifact, module 'urllib' has no attribute 'urlretrieve'. groupID: org/apache/hadoop, artifact: hadoop-common, version: 2.6.1
ERROR with artifact, module 'urllib' has no attribute 'urlretrieve'. groupID: org/apache/hadoop, artifact: hadoop-common, version: 2.5.0
ERROR with artifact, module 'urllib' has no attribute 'urlretrieve'. groupID: org/apache/hadoop, artifact: hadoop-common, version: 0.23.3
ERROR with artifact, module 'urllib' has no attribute 'urlretrieve'. groupID: org/apache/hadoop, artifact: hadoop-common, version: 2.4.1
ERROR with artifact, module 'urllib' has no attribute 'urlretrieve'. groupID: org/apache/hadoop, artifact: hadoop-common, version: 2.5.1
ERROR with artifact, module 'urllib' has no attribute 'urlretrieve'. groupID: org/apache/hadoop, artifact: hadoop-common, version: 2.0.4-alpha
ERROR with artifact, module 'urllib' has no attribute 'urlretrieve'. groupID: org/apache/hadoop, artifact: hadoop-common, version: 2.6.2
ERROR with artifact, module 'urllib' has no attribute 'urlretrieve'. groupID: org/apache/hadoop, artifact: hadoop-common, version: 2.6.4
ERROR with artifact, module 'urllib' has no attribute 'urlretrieve'. groupID: org/apache/hadoop, artifact: hadoop-common, version: 2.0.3-alpha
ERROR with artifact, module 'urllib' has no attribute 'urlretrieve'. groupID: org/apache/hadoop, artifact: hadoop-common, version: 0.23.11
ERROR with artifact, module 'urllib' has no attribute 'urlretrieve'. groupID: org/apache/hadoop, artifact: hadoop-common, version: 2.3.0
ERROR with artifact, module 'urllib' has no attribute 'urlretrieve'. groupID: org/apache/hadoop, artifact: hadoop-common, version: 2.0.2-alpha
ERROR with artifact, module 'urllib' has no attribute 'urlretrieve'. groupID: org/apache/hadoop, artifact: hadoop-common, version: 2.1.0-beta
ERROR with artifact, module 'urllib' has no attribute 'urlretrieve'. groupID: org/apache/hadoop, artifact: hadoop-common, version: 0.23.8
ERROR with artifact, module 'urllib' has no attribute 'urlretrieve'. groupID: org/apache/hadoop, artifact: hadoop-common, version: 2.4.0
ERROR with artifact, module 'urllib' has no attribute 'urlretrieve'. groupID: org/apache/hadoop, artifact: hadoop-common, version: 2.5.2
ERROR with artifact, module 'urllib' has no attribute 'urlretrieve'. groupID: org/apache/hadoop, artifact: hadoop-common, version: 2.6.3
ERROR with artifact, module 'urllib' has no attribute 'urlretrieve'. groupID: org/apache/hadoop, artifact: hadoop-common, version: 0.23.10
ERROR with artifact, module 'urllib' has no attribute 'urlretrieve'. groupID: org/apache/hadoop, artifact: hadoop-common, version: 2.7.2
ERROR with artifact, module 'urllib' has no attribute 'urlretrieve'. groupID: org/apache/hadoop, artifact: hadoop-common, version: 0.23.1
ERROR with artifact, module 'urllib' has no attribute 'urlretrieve'. groupID: org/apache/hadoop, artifact: hadoop-common, version: 2.0.0-alpha
ERROR with artifact, module 'urllib' has no attribute 'urlretrieve'. groupID: org/apache/hadoop, artifact: hadoop-common, version: 2.0.1-alpha
ERROR with artifact, module 'urllib' has no attribute 'urlretrieve'. groupID: org/apache/hadoop, artifact: hadoop-common, version: 2.7.1
ERROR with artifact, module 'urllib' has no attribute 'urlretrieve'. groupID: org/apache/hadoop, artifact: hadoop-common, version: 2.2.0
ERROR with artifact, module 'urllib' has no attribute 'urlretrieve'. groupID: org/apache/hadoop, artifact: hadoop-common, version: 2.0.5-alpha
ERROR with artifact, module 'urllib' has no attribute 'urlretrieve'. groupID: org/apache/hadoop, artifact: hadoop-common, version: 0.23.6
ERROR with artifact, module 'urllib' has no attribute 'urlretrieve'. groupID: org/apache/hadoop, artifact: hadoop-common, version: 2.0.6-alpha
ERROR with artifact, module 'urllib' has no attribute 'urlretrieve'. groupID: org/apache/hadoop, artifact: hadoop-common, version: 2.6.0
ERROR with artifact, module 'urllib' has no attribute 'urlretrieve'. groupID: org/apache/hadoop, artifact: hadoop-common, version: 0.23.9
ERROR with artifact, module 'urllib' has no attribute 'urlretrieve'. groupID: org/apache/hadoop, artifact: hadoop-common, version: 0.23.4
ERROR with artifact, module 'urllib' has no attribute 'urlretrieve'. groupID: org/apache/hadoop, artifact: hadoop-common, version: 0.23.7
ERROR with artifact, module 'urllib' has no attribute 'urlretrieve'. groupID: org/apache/hadoop, artifact: hadoop-common, version: 2.1.1-beta
ERROR with artifact, module 'urllib' has no attribute 'urlretrieve'. groupID: org/elasticsearch, artifact: elasticsearch, version: 1.3.7
ERROR with artifact, module 'urllib' has no attribute 'urlretrieve'. groupID: org/elasticsearch, artifact: elasticsearch, version: 1.3.1
ERROR with artifact, module 'urllib' has no attribute 'urlretrieve'. groupID: org/elasticsearch, artifact: elasticsearch, version: 1.3.0
ERROR with artifact, module 'urllib' has no attribute 'urlretrieve'. groupID: org/elasticsearch, artifact: elasticsearch, version: 1.3.9
ERROR with artifact, module 'urllib' has no attribute 'urlretrieve'. groupID: org/elasticsearch, artifact: elasticsearch, version: 1.6.0
ERROR with artifact, module 'urllib' has no attribute 'urlretrieve'. groupID: org/elasticsearch, artifact: elasticsearch, version: 1.7.0
ERROR with artifact, module 'urllib' has no attribute 'urlretrieve'. groupID: org/elasticsearch, artifact: elasticsearch, version: 1.3.8
ERROR with artifact, module 'urllib' has no attribute 'urlretrieve'. groupID: org/elasticsearch, artifact: elasticsearch, version: 1.6.2
ERROR with artifact, module 'urllib' has no attribute 'urlretrieve'. groupID: org/elasticsearch, artifact: elasticsearch, version: 1.3.6
ERROR with artifact, module 'urllib' has no attribute 'urlretrieve'. groupID: org/elasticsearch, artifact: elasticsearch, version: 1.5.1
ERROR with artifact, module 'urllib' has no attribute 'urlretrieve'. groupID: org/elasticsearch, artifact: elasticsearch, version: 1.4.1
ERROR with artifact, module 'urllib' has no attribute 'urlretrieve'. groupID: org/elasticsearch, artifact: elasticsearch, version: 1.7.4
ERROR with artifact, module 'urllib' has no attribute 'urlretrieve'. groupID: org/elasticsearch, artifact: elasticsearch, version: 1.3.5
ERROR with artifact, module 'urllib' has no attribute 'urlretrieve'. groupID: org/elasticsearch, artifact: elasticsearch, version: 1.7.3
ERROR with artifact, module 'urllib' has no attribute 'urlretrieve'. groupID: org/elasticsearch, artifact: elasticsearch, version: 1.7.2
ERROR with artifact, module 'urllib' has no attribute 'urlretrieve'. groupID: org/elasticsearch, artifact: elasticsearch, version: 1.3.2
ERROR with artifact, module 'urllib' has no attribute 'urlretrieve'. groupID: org/elasticsearch, artifact: elasticsearch, version: 1.6.1
ERROR with artifact, module 'urllib' has no attribute 'urlretrieve'. groupID: org/elasticsearch, artifact: elasticsearch, version: 1.4.0.Beta1
ERROR with artifact, module 'urllib' has no attribute 'urlretrieve'. groupID: org/elasticsearch, artifact: elasticsearch, version: 1.7.5
ERROR with artifact, module 'urllib' has no attribute 'urlretrieve'. groupID: org/elasticsearch, artifact: elasticsearch, version: 1.4.5
ERROR with artifact, module 'urllib' has no attribute 'urlretrieve'. groupID: org/elasticsearch, artifact: elasticsearch, version: 1.5.0
ERROR with artifact, module 'urllib' has no attribute 'urlretrieve'. groupID: org/elasticsearch, artifact: elasticsearch, version: 1.3.4
ERROR with artifact, module 'urllib' has no attribute 'urlretrieve'. groupID: org/elasticsearch, artifact: elasticsearch, version: 1.4.2
ERROR with artifact, module 'urllib' has no attribute 'urlretrieve'. groupID: org/elasticsearch, artifact: elasticsearch, version: 1.4.4
ERROR with artifact, module 'urllib' has no attribute 'urlretrieve'. groupID: org/elasticsearch, artifact: elasticsearch, version: 1.7.1
ERROR with artifact, module 'urllib' has no attribute 'urlretrieve'. groupID: org/elasticsearch, artifact: elasticsearch, version: 1.4.3
ERROR with artifact, module 'urllib' has no attribute 'urlretrieve'. groupID: org/elasticsearch, artifact: elasticsearch, version: 1.5.2
ERROR with artifact, module 'urllib' has no attribute 'urlretrieve'. groupID: org/elasticsearch, artifact: elasticsearch, version: 1.4.0
ERROR with artifact, module 'urllib' has no attribute 'urlretrieve'. groupID: org/elasticsearch, artifact: elasticsearch, version: 1.3.3
ERROR with artifact, module 'urllib' has no attribute 'urlretrieve'. groupID: commons-codec, artifact: commons-codec, version: 1.7
ERROR with artifact, module 'urllib' has no attribute 'urlretrieve'. groupID: commons-codec, artifact: commons-codec, version: 1.8
ERROR with artifact, module 'urllib' has no attribute 'urlretrieve'. groupID: commons-codec, artifact: commons-codec, version: 1.10
ERROR with artifact, module 'urllib' has no attribute 'urlretrieve'. groupID: commons-codec, artifact: commons-codec, version: 1.9
ERROR with artifact, module 'urllib' has no attribute 'urlretrieve'. groupID: commons-fileupload, artifact: commons-fileupload, version: 1.3
ERROR with artifact, module 'urllib' has no attribute 'urlretrieve'. groupID: commons-fileupload, artifact: commons-fileupload, version: 1.3.2
ERROR with artifact, module 'urllib' has no attribute 'urlretrieve'. groupID: commons-fileupload, artifact: commons-fileupload, version: 1.3.1
ERROR with artifact, module 'urllib' has no attribute 'urlretrieve'. groupID: commons-beanutils, artifact: commons-beanutils, version: 1.9.2
ERROR with artifact, module 'urllib' has no attribute 'urlretrieve'. groupID: commons-beanutils, artifact: commons-beanutils, version: 1.9.1
ERROR with artifact, module 'urllib' has no attribute 'urlretrieve'. groupID: commons-beanutils, artifact: commons-beanutils, version: 1.9.0
ERROR with artifact, module 'urllib' has no attribute 'urlretrieve'. groupID: ch/qos/logback, artifact: logback-core, version: 1.1.5
ERROR with artifact, module 'urllib' has no attribute 'urlretrieve'. groupID: ch/qos/logback, artifact: logback-core, version: 1.1.6
ERROR with artifact, module 'urllib' has no attribute 'urlretrieve'. groupID: ch/qos/logback, artifact: logback-core, version: 1.1.7
ERROR with artifact, module 'urllib' has no attribute 'urlretrieve'. groupID: ch/qos/logback, artifact: logback-core, version: 1.1.4
ERROR with artifact, module 'urllib' has no attribute 'urlretrieve'. groupID: ch/qos/logback, artifact: logback-core, version: 1.1.3
ERROR with artifact, module 'urllib' has no attribute 'urlretrieve'. groupID: ch/qos/logback, artifact: logback-classic, version: 1.1.6
ERROR with artifact, module 'urllib' has no attribute 'urlretrieve'. groupID: ch/qos/logback, artifact: logback-classic, version: 1.1.4
ERROR with artifact, module 'urllib' has no attribute 'urlretrieve'. groupID: ch/qos/logback, artifact: logback-classic, version: 1.1.5
ERROR with artifact, module 'urllib' has no attribute 'urlretrieve'. groupID: ch/qos/logback, artifact: logback-classic, version: 1.1.3
ERROR with artifact, module 'urllib' has no attribute 'urlretrieve'. groupID: ch/qos/logback, artifact: logback-classic, version: 1.1.7
ERROR with artifact, module 'urllib' has no attribute 'urlretrieve'. groupID: org/elasticsearch, artifact: elasticsearch, version: 2.3.5
ERROR with artifact, module 'urllib' has no attribute 'urlretrieve'. groupID: org/elasticsearch, artifact: elasticsearch, version: 2.0.0-beta2
ERROR with artifact, module 'urllib' has no attribute 'urlretrieve'. groupID: org/elasticsearch, artifact: elasticsearch, version: 2.3.1
ERROR with artifact, module 'urllib' has no attribute 'urlretrieve'. groupID: org/elasticsearch, artifact: elasticsearch, version: 2.3.2
ERROR with artifact, module 'urllib' has no attribute 'urlretrieve'. groupID: org/elasticsearch, artifact: elasticsearch, version: 2.3.0
ERROR with artifact, module 'urllib' has no attribute 'urlretrieve'. groupID: org/elasticsearch, artifact: elasticsearch, version: 2.0.0-beta1
ERROR with artifact, module 'urllib' has no attribute 'urlretrieve'. groupID: org/elasticsearch, artifact: elasticsearch, version: 2.0.0-rc1
ERROR with artifact, module 'urllib' has no attribute 'urlretrieve'. groupID: org/elasticsearch, artifact: elasticsearch, version: 2.0.2
ERROR with artifact, module 'urllib' has no attribute 'urlretrieve'. groupID: org/elasticsearch, artifact: elasticsearch, version: 2.3.3
ERROR with artifact, module 'urllib' has no attribute 'urlretrieve'. groupID: org/elasticsearch, artifact: elasticsearch, version: 2.2.0
ERROR with artifact, module 'urllib' has no attribute 'urlretrieve'. groupID: org/elasticsearch, artifact: elasticsearch, version: 2.3.4
ERROR with artifact, module 'urllib' has no attribute 'urlretrieve'. groupID: org/elasticsearch, artifact: elasticsearch, version: 2.1.2
ERROR with artifact, module 'urllib' has no attribute 'urlretrieve'. groupID: org/elasticsearch, artifact: elasticsearch, version: 2.1.1
ERROR with artifact, module 'urllib' has no attribute 'urlretrieve'. groupID: org/elasticsearch, artifact: elasticsearch, version: 2.2.2
ERROR with artifact, module 'urllib' has no attribute 'urlretrieve'. groupID: org/elasticsearch, artifact: elasticsearch, version: 2.0.1
ERROR with artifact, module 'urllib' has no attribute 'urlretrieve'. groupID: org/elasticsearch, artifact: elasticsearch, version: 2.1.0
ERROR with artifact, module 'urllib' has no attribute 'urlretrieve'. groupID: org/elasticsearch, artifact: elasticsearch, version: 2.2.1
ERROR with artifact, module 'urllib' has no attribute 'urlretrieve'. groupID: org/elasticsearch, artifact: elasticsearch, version: 2.0.0
ERROR with artifact, module 'urllib' has no attribute 'urlretrieve'. groupID: com/google/inject, artifact: guice, version: 4.0-beta5
ERROR with artifact, module 'urllib' has no attribute 'urlretrieve'. groupID: com/google/inject, artifact: guice, version: 4.0-beta4
ERROR with artifact, module 'urllib' has no attribute 'urlretrieve'. groupID: com/google/inject, artifact: guice, version: 4.1.0
ERROR with artifact, module 'urllib' has no attribute 'urlretrieve'. groupID: com/google/inject, artifact: guice, version: 4.0
ERROR with artifact, module 'urllib' has no attribute 'urlretrieve'. groupID: com/google/inject, artifact: guice, version: 4.0-beta
ERROR with artifact, module 'urllib' has no attribute 'urlretrieve'. groupID: org/jboss/arquillian/junit, artifact: arquillian-junit-container, version: 1.0.4.Final
ERROR with artifact, module 'urllib' has no attribute 'urlretrieve'. groupID: org/jboss/arquillian/junit, artifact: arquillian-junit-container, version: 1.1.5.Final
ERROR with artifact, module 'urllib' has no attribute 'urlretrieve'. groupID: org/jboss/arquillian/junit, artifact: arquillian-junit-container, version: 1.1.2.Final
ERROR with artifact, module 'urllib' has no attribute 'urlretrieve'. groupID: org/jboss/arquillian/junit, artifact: arquillian-junit-container, version: 1.1.8.Final
ERROR with artifact, module 'urllib' has no attribute 'urlretrieve'. groupID: org/jboss/arquillian/junit, artifact: arquillian-junit-container, version: 1.0.3.Final
ERROR with artifact, module 'urllib' has no attribute 'urlretrieve'. groupID: org/jboss/arquillian/junit, artifact: arquillian-junit-container, version: 1.1.10.Final
ERROR with artifact, module 'urllib' has no attribute 'urlretrieve'. groupID: org/jboss/arquillian/junit, artifact: arquillian-junit-container, version: 1.1.4.Final
ERROR with artifact, module 'urllib' has no attribute 'urlretrieve'. groupID: org/jboss/arquillian/junit, artifact: arquillian-junit-container, version: 1.1.6.Final
ERROR with artifact, module 'urllib' has no attribute 'urlretrieve'. groupID: org/jboss/arquillian/junit, artifact: arquillian-junit-container, version: 1.1.2.Final-wildfly-2
ERROR with artifact, module 'urllib' has no attribute 'urlretrieve'. groupID: org/jboss/arquillian/junit, artifact: arquillian-junit-container, version: 1.1.6.Final-wildfly-1
ERROR with artifact, module 'urllib' has no attribute 'urlretrieve'. groupID: org/jboss/arquillian/junit, artifact: arquillian-junit-container, version: 1.1.7.Final
ERROR with artifact, module 'urllib' has no attribute 'urlretrieve'. groupID: org/jboss/arquillian/junit, artifact: arquillian-junit-container, version: 1.1.9.Final
ERROR with artifact, module 'urllib' has no attribute 'urlretrieve'. groupID: org/jboss/arquillian/junit, artifact: arquillian-junit-container, version: 1.1.3.Final
ERROR with artifact, module 'urllib' has no attribute 'urlretrieve'. groupID: org/jboss/arquillian/junit, artifact: arquillian-junit-container, version: 1.1.0.Final
ERROR with artifact, module 'urllib' has no attribute 'urlretrieve'. groupID: org/jboss/arquillian/junit, artifact: arquillian-junit-container, version: 1.1.2.Final-wildfly-1
ERROR with artifact, module 'urllib' has no attribute 'urlretrieve'. groupID: org/jboss/arquillian/junit, artifact: arquillian-junit-container, version: 1.1.11.Final
ERROR with artifact, module 'urllib' has no attribute 'urlretrieve'. groupID: org/jboss/arquillian/junit, artifact: arquillian-junit-container, version: 1.1.1.Final
